0 info it worked if it ends with ok
1 verbose cli [ '/usr/bin/node', '/usr/bin/npm', 'run', 'serve' ]
2 info using npm@3.5.2
3 info using node@v8.10.0
4 verbose run-script [ 'preserve', 'serve', 'postserve' ]
5 info lifecycle responsive-01-flex-hetic@1.0.0~preserve: responsive-01-flex-hetic@1.0.0
6 silly lifecycle responsive-01-flex-hetic@1.0.0~preserve: no script for preserve, continuing
7 info lifecycle responsive-01-flex-hetic@1.0.0~serve: responsive-01-flex-hetic@1.0.0
8 verbose lifecycle responsive-01-flex-hetic@1.0.0~serve: unsafe-perm in lifecycle true
9 verbose lifecycle responsive-01-flex-hetic@1.0.0~serve: PATH: /usr/share/npm/bin/node-gyp-bin:/mnt/c/users/Alpha/Documents/Hetic/responsive-01-flex-hetic/node_modules/.bin:/usr/local/sbin:/usr/local/bin:/usr/sbin:/usr/bin:/sbin:/bin:/usr/games:/usr/local/games:/mnt/c/Program Files (x86)/Common Files/Intel/Shared Libraries/redist/intel64/compiler:/mnt/c/Program Files (x86)/Intel/Intel(R) Management Engine Components/iCLS/:/mnt/c/Program Files/Intel/Intel(R) Management Engine Components/iCLS/:/mnt/c/WINDOWS/system32:/mnt/c/WINDOWS:/mnt/c/WINDOWS/System32/Wbem:/mnt/c/WINDOWS/System32/WindowsPowerShell/v1.0/:/mnt/c/WINDOWS/System32/OpenSSH/:/mnt/c/Program Files (x86)/Intel/Intel(R) Management Engine Components/DAL:/mnt/c/Program Files/Intel/Intel(R) Management Engine Components/DAL:/mnt/c/Program Files/Intel/WiFi/bin/:/mnt/c/Program Files/Common Files/Intel/WirelessCommon/:/mnt/c/Program Files/Git/cmd:/mnt/c/Program Files/nodejs/:/mnt/c/Users/Alpha/AppData/Local/Microsoft/WindowsApps:/mnt/c/Users/Alpha/AppData/Local/Programs/Microsoft VS Code/bin:/mnt/c/Users/Alpha/AppData/Roaming/npm
10 verbose lifecycle responsive-01-flex-hetic@1.0.0~serve: CWD: /mnt/c/users/Alpha/Documents/Hetic/responsive-01-flex-hetic
11 silly lifecycle responsive-01-flex-hetic@1.0.0~serve: Args: [ '-c', 'parcel src/index.pug' ]
12 silly lifecycle responsive-01-flex-hetic@1.0.0~serve: Returned: code: 1  signal: null
13 info lifecycle responsive-01-flex-hetic@1.0.0~serve: Failed to exec serve script
14 verbose stack Error: responsive-01-flex-hetic@1.0.0 serve: `parcel src/index.pug`
14 verbose stack Exit status 1
14 verbose stack     at EventEmitter.<anonymous> (/usr/share/npm/lib/utils/lifecycle.js:232:16)
14 verbose stack     at emitTwo (events.js:126:13)
14 verbose stack     at EventEmitter.emit (events.js:214:7)
14 verbose stack     at ChildProcess.<anonymous> (/usr/share/npm/lib/utils/spawn.js:24:14)
14 verbose stack     at emitTwo (events.js:126:13)
14 verbose stack     at ChildProcess.emit (events.js:214:7)
14 verbose stack     at maybeClose (internal/child_process.js:925:16)
14 verbose stack     at Process.ChildProcess._handle.onexit (internal/child_process.js:209:5)
15 verbose pkgid responsive-01-flex-hetic@1.0.0
16 verbose cwd /mnt/c/users/Alpha/Documents/Hetic/responsive-01-flex-hetic
17 error Linux 4.4.0-18362-Microsoft
18 error argv "/usr/bin/node" "/usr/bin/npm" "run" "serve"
19 error node v8.10.0
20 error npm  v3.5.2
21 error code ELIFECYCLE
22 error responsive-01-flex-hetic@1.0.0 serve: `parcel src/index.pug`
22 error Exit status 1
23 error Failed at the responsive-01-flex-hetic@1.0.0 serve script 'parcel src/index.pug'.
23 error Make sure you have the latest version of node.js and npm installed.
23 error If you do, this is most likely a problem with the responsive-01-flex-hetic package,
23 error not with npm itself.
23 error Tell the author that this fails on your system:
23 error     parcel src/index.pug
23 error You can get information on how to open an issue for this project with:
23 error     npm bugs responsive-01-flex-hetic
23 error Or if that isn't available, you can get their info via:
23 error     npm owner ls responsive-01-flex-hetic
23 error There is likely additional logging output above.
24 verbose exit [ 1, true ]
